This is pdfTeX, Version 3.1415926-2.4-1.40.13 (MiKTeX 2.9) (preloaded format=pdflatex 2013.8.11)  21 AUG 2013 17:26
entering extended mode
**C:/Users/jjMM/Dropbox/Secure*Dropbox*Latex/thesis.tex
("C:/Users/jjMM/Dropbox/Secure Dropbox Latex/thesis.tex"
LaTeX2e <2011/06/27>
Babel <v3.8m> and hyphenation patterns for english, afrikaans, ancientgreek, ar
abic, armenian, assamese, basque, bengali, bokmal, bulgarian, catalan, coptic, 
croatian, czech, danish, dutch, esperanto, estonian, farsi, finnish, french, ga
lician, german, german-x-2012-05-30, greek, gujarati, hindi, hungarian, iceland
ic, indonesian, interlingua, irish, italian, kannada, kurmanji, latin, latvian,
 lithuanian, malayalam, marathi, mongolian, mongolianlmc, monogreek, ngerman, n
german-x-2012-05-30, nynorsk, oriya, panjabi, pinyin, polish, portuguese, roman
ian, russian, sanskrit, serbian, slovak, slovenian, spanish, swedish, swissgerm
an, tamil, telugu, turkish, turkmen, ukenglish, ukrainian, uppersorbian, usengl
ishmax, welsh, loaded.
("E:\Program Files (x86)\MiKTeX 2.9\tex\latex\base\report.cls"
Document Class: report 2007/10/19 v1.4h Standard LaTeX document class
("E:\Program Files (x86)\MiKTeX 2.9\tex\latex\base\size12.clo"
File: size12.clo 2007/10/19 v1.4h Standard LaTeX file (size option)
)
\c@part=\count79
\c@chapter=\count80
\c@section=\count81
\c@subsection=\count82
\c@subsubsection=\count83
\c@paragraph=\count84
\c@subparagraph=\count85
\c@figure=\count86
\c@table=\count87
\abovecaptionskip=\skip41
\belowcaptionskip=\skip42
\bibindent=\dimen102
)
("C:\Users\jjMM\Dropbox\Secure Dropbox Latex\tcdthesis.sty"
****************************************************************
** TCD Thesis Style File, version 2.0, March 2005 
** Written by Dinesh Das 
** Dept. of Computer Sciences 
** The University of Texas at Austin 
** Modified by Bert Kay, James A. Bednar, and Ayman El-Khashab 
** Modified by Ross Brennan for use in Trinity College Dublin 
****************************************************************
\@tmplength=\skip43
\hour=\count88
\minute=\count89
\dow=\count90
\leap=\count91
\x=\count92
\y=\count93
) ("E:\Program Files (x86)\MiKTeX 2.9\tex\latex\graphics\graphicx.sty"
Package: graphicx 1999/02/16 v1.0f Enhanced LaTeX Graphics (DPC,SPQR)

("E:\Program Files (x86)\MiKTeX 2.9\tex\latex\graphics\keyval.sty"
Package: keyval 1999/03/16 v1.13 key=value parser (DPC)
\KV@toks@=\toks14
)
("E:\Program Files (x86)\MiKTeX 2.9\tex\latex\graphics\graphics.sty"
Package: graphics 2009/02/05 v1.0o Standard LaTeX Graphics (DPC,SPQR)

("E:\Program Files (x86)\MiKTeX 2.9\tex\latex\graphics\trig.sty"
Package: trig 1999/03/16 v1.09 sin cos tan (DPC)
)
("E:\Program Files (x86)\MiKTeX 2.9\tex\latex\00miktex\graphics.cfg"
File: graphics.cfg 2007/01/18 v1.5 graphics configuration of teTeX/TeXLive
)
Package graphics Info: Driver file: pdftex.def on input line 91.

("E:\Program Files (x86)\MiKTeX 2.9\tex\latex\pdftex-def\pdftex.def"
File: pdftex.def 2011/05/27 v0.06d Graphics/color for pdfTeX

("E:\Program Files (x86)\MiKTeX 2.9\tex\generic\oberdiek\infwarerr.sty"
Package: infwarerr 2010/04/08 v1.3 Providing info/warning/error messages (HO)
)
("E:\Program Files (x86)\MiKTeX 2.9\tex\generic\oberdiek\ltxcmds.sty"
Package: ltxcmds 2011/11/09 v1.22 LaTeX kernel commands for general use (HO)
)
\Gread@gobject=\count94
))
\Gin@req@height=\dimen103
\Gin@req@width=\dimen104
)
("E:\Program Files (x86)\MiKTeX 2.9\tex\latex\graphics\color.sty"
Package: color 2005/11/14 v1.0j Standard LaTeX Color (DPC)

("E:\Program Files (x86)\MiKTeX 2.9\tex\latex\00miktex\color.cfg"
File: color.cfg 2007/01/18 v1.5 color configuration of teTeX/TeXLive
)
Package color Info: Driver file: pdftex.def on input line 130.
)
("E:\Program Files (x86)\MiKTeX 2.9\tex\latex\ltxmisc\anysize.sty"
Package: anysize 1994/08/13 1.0 Contributed LaTeX2e package

Package: `anysize' 1.0 <1994/08/13>
\@Leftmargin=\dimen105
\@Rightmargin=\dimen106
\@Topmargin=\dimen107
\@Bottommargin=\dimen108
) ("E:\Program Files (x86)\MiKTeX 2.9\tex\latex\amsmath\amsmath.sty"
Package: amsmath 2013/01/14 v2.14 AMS math features
\@mathmargin=\skip44

For additional information on amsmath, use the `?' option.
("E:\Program Files (x86)\MiKTeX 2.9\tex\latex\amsmath\amstext.sty"
Package: amstext 2000/06/29 v2.01

("E:\Program Files (x86)\MiKTeX 2.9\tex\latex\amsmath\amsgen.sty"
File: amsgen.sty 1999/11/30 v2.0
\@emptytoks=\toks15
\ex@=\dimen109
))
("E:\Program Files (x86)\MiKTeX 2.9\tex\latex\amsmath\amsbsy.sty"
Package: amsbsy 1999/11/29 v1.2d
\pmbraise@=\dimen110
)
("E:\Program Files (x86)\MiKTeX 2.9\tex\latex\amsmath\amsopn.sty"
Package: amsopn 1999/12/14 v2.01 operator names
)
\inf@bad=\count95
LaTeX Info: Redefining \frac on input line 210.
\uproot@=\count96
\leftroot@=\count97
LaTeX Info: Redefining \overline on input line 306.
\classnum@=\count98
\DOTSCASE@=\count99
LaTeX Info: Redefining \ldots on input line 378.
LaTeX Info: Redefining \dots on input line 381.
LaTeX Info: Redefining \cdots on input line 466.
\Mathstrutbox@=\box26
\strutbox@=\box27
\big@size=\dimen111
LaTeX Font Info:    Redeclaring font encoding OML on input line 566.
LaTeX Font Info:    Redeclaring font encoding OMS on input line 567.
\macc@depth=\count100
\c@MaxMatrixCols=\count101
\dotsspace@=\muskip10
\c@parentequation=\count102
\dspbrk@lvl=\count103
\tag@help=\toks16
\row@=\count104
\column@=\count105
\maxfields@=\count106
\andhelp@=\toks17
\eqnshift@=\dimen112
\alignsep@=\dimen113
\tagshift@=\dimen114
\tagwidth@=\dimen115
\totwidth@=\dimen116
\lineht@=\dimen117
\@envbody=\toks18
\multlinegap=\skip45
\multlinetaggap=\skip46
\mathdisplay@stack=\toks19
LaTeX Info: Redefining \[ on input line 2665.
LaTeX Info: Redefining \] on input line 2666.
)
("E:\Program Files (x86)\MiKTeX 2.9\tex\latex\cite\cite.sty"
LaTeX Info: Redefining \cite on input line 302.
LaTeX Info: Redefining \nocite on input line 373.
Package: cite 2010/09/10  v 5.3
)
("E:\Program Files (x86)\MiKTeX 2.9\tex\latex\ltxmisc\url.sty"
\Urlmuskip=\muskip11
Package: url 2006/04/12  ver 3.3  Verb mode for urls, etc.
)
("C:\Users\jjMM\Dropbox\Secure Dropbox Latex\thesis.aux"
("C:\Users\jjMM\Dropbox\Secure Dropbox Latex\chapter1.aux")
("C:\Users\jjMM\Dropbox\Secure Dropbox Latex\chapter2.aux")
("C:\Users\jjMM\Dropbox\Secure Dropbox Latex\chapter3.aux")
("C:\Users\jjMM\Dropbox\Secure Dropbox Latex\chapter4.aux")
("C:\Users\jjMM\Dropbox\Secure Dropbox Latex\chapter5.aux")
("C:\Users\jjMM\Dropbox\Secure Dropbox Latex\chapter6.aux")
("C:\Users\jjMM\Dropbox\Secure Dropbox Latex\appendix1.aux")
("C:\Users\jjMM\Dropbox\Secure Dropbox Latex\appendix2.aux")
("C:\Users\jjMM\Dropbox\Secure Dropbox Latex\appendix3.aux"))
LaTeX Font Info:    Checking defaults for OML/cmm/m/it on input line 121.
LaTeX Font Info:    ... okay on input line 121.
LaTeX Font Info:    Checking defaults for T1/cmr/m/n on input line 121.
LaTeX Font Info:    ... okay on input line 121.
LaTeX Font Info:    Checking defaults for OT1/cmr/m/n on input line 121.
LaTeX Font Info:    ... okay on input line 121.
LaTeX Font Info:    Checking defaults for OMS/cmsy/m/n on input line 121.
LaTeX Font Info:    ... okay on input line 121.
LaTeX Font Info:    Checking defaults for OMX/cmex/m/n on input line 121.
LaTeX Font Info:    ... okay on input line 121.
LaTeX Font Info:    Checking defaults for U/cmr/m/n on input line 121.
LaTeX Font Info:    ... okay on input line 121.

("E:\Program Files (x86)\MiKTeX 2.9\tex\context\base\supp-pdf.mkii"
[Loading MPS to PDF converter (version 2006.09.02).]
\scratchcounter=\count107
\scratchdimen=\dimen118
\scratchbox=\box28
\nofMPsegments=\count108
\nofMParguments=\count109
\everyMPshowfont=\toks20
\MPscratchCnt=\count110
\MPscratchDim=\dimen119
\MPnumerator=\count111
\makeMPintoPDFobject=\count112
\everyMPtoPDFconversion=\toks21
) [1

{C:/ProgramData/MiKTeX/2.9/pdftex/config/pdftex.map}]
Underfull \hbox (badness 10000) in paragraph at lines 125--125

 []

[2]
Underfull \hbox (badness 10000) in paragraph at lines 127--127

 []


Underfull \hbox (badness 10000) in paragraph at lines 127--127

 []


Underfull \hbox (badness 10000) in paragraph at lines 127--127

 []

[3] [4

] [5

]
Missing character: There is no ‚ in font cmr12!
Missing character: There is no Ä in font cmr12!
Missing character: There is no ô in font cmr12!
 [6] ("C:\Users\jjMM\Dropbox\Secure Dropbox Latex\thesis.toc"
[7

] [8] [9])
\tf@toc=\write3
 [10] ("C:\Users\jjMM\Dropbox\Secure Dropbox Latex\thesis.lot")
\tf@lot=\write4

[11


] ("C:\Users\jjMM\Dropbox\Secure Dropbox Latex\thesis.lof" [12


])
\tf@lof=\write5
 [13]
("C:\Users\jjMM\Dropbox\Secure Dropbox Latex\chapter1.tex"
Chapter 1.
LaTeX Font Info:    Try loading font information for OMS+cmr on input line 6.
("E:\Program Files (x86)\MiKTeX 2.9\tex\latex\base\omscmr.fd"
File: omscmr.fd 1999/05/25 v2.5h Standard LaTeX font definitions
)
LaTeX Font Info:    Font shape `OMS/cmr/m/n' in size <12> not available
(Font)              Font shape `OMS/cmsy/m/n' tried instead on input line 6.
 [1


]
Missing character: There is no ‚ in font cmr12!
Missing character: There is no Ä in font cmr12!
Missing character: There is no ô in font cmr12!
 [2]
Missing character: There is no ‚ in font cmr12!
Missing character: There is no Ä in font cmr12!
Missing character: There is no ô in font cmr12!
 [3]
Missing character: There is no ‚ in font cmr12!
Missing character: There is no Ä in font cmr12!
Missing character: There is no ô in font cmr12!

[4]) [5] ("C:\Users\jjMM\Dropbox\Secure Dropbox Latex\chapter2.tex"
Chapter 2.
[6



]
Missing character: There is no ‚ in font cmr12!
Missing character: There is no Ä in font cmr12!
Missing character: There is no ú in font cmr12!
Missing character: There is no ‚ in font cmr12!
Missing character: There is no Ä in font cmr12!
Missing character: There is no ù in font cmr12!
 [7]
Missing character: There is no ‚ in font cmr12!
Missing character: There is no Ä in font cmr12!
Missing character: There is no ô in font cmr12!
 [8]
Missing character: There is no ‚ in font cmr12!
Missing character: There is no Ä in font cmr12!
Missing character: There is no ô in font cmr12!

Overfull \hbox (19.44913pt too wide) in paragraph at lines 35--36
\OT1/cmr/m/n/12 ing op-er-a-tions. For ex-am-ple, when re-quir-ing for au-tho-r
iza-tion with CGI: /auth/drive.readonly
 []

[9]
Missing character: There is no ‚ in font cmr12!
Missing character: There is no Ä in font cmr12!
Missing character: There is no ô in font cmr12!
Missing character: There is no ‚ in font cmr12!
Missing character: There is no Ä in font cmr12!
Missing character: There is no ô in font cmr12!
Missing character: There is no ‚ in font cmr12!
Missing character: There is no Ä in font cmr12!
Missing character: There is no ô in font cmr12!
 [10] <figures/Customer_Architecture.png, id=79, 479.7925pt x 351.3125pt>
File: figures/Customer_Architecture.png Graphic file (type png)

<use figures/Customer_Architecture.png>
Package pdftex.def Info: figures/Customer_Architecture.png used on input line 5
5.
(pdftex.def)             Requested size: 273.14923pt x 200.0036pt.


LaTeX Warning: `h' float specifier changed to `ht'.

Missing character: There is no ‚ in font cmr12!
Missing character: There is no Ä in font cmr12!
Missing character: There is no ô in font cmr12!
[11]
Missing character: There is no ‚ in font cmr12!
Missing character: There is no Ä in font cmr12!
Missing character: There is no ô in font cmr12!
Missing character: There is no ‚ in font cmr12!
Missing character: There is no Ä in font cmr12!
Missing character: There is no ô in font cmr12!
Missing character: There is no ‚ in font cmr12!
Missing character: There is no Ä in font cmr12!
Missing character: There is no ú in font cmr12!
Missing character: There is no ‚ in font cmr12!
Missing character: There is no Ä in font cmr12!
Missing character: There is no ù in font cmr12!
Missing character: There is no ‚ in font cmr12!
Missing character: There is no Ä in font cmr12!
Missing character: There is no ô in font cmr12!
Missing character: There is no ‚ in font cmr12!
Missing character: There is no Ä in font cmr12!
Missing character: There is no ô in font cmr12!
 [12 <C:/Users/jjMM/Dropbox/Secure Dropbox Latex/figures/Customer_Architecture.
png>]) [13] ("C:\Users\jjMM\Dropbox\Secure Dropbox Latex\chapter3.tex"
Chapter 3.
Missing character: There is no ‚ in font cmr12!
Missing character: There is no Ä in font cmr12!
Missing character: There is no ô in font cmr12!
Missing character: There is no ‚ in font cmr12!
Missing character: There is no Ä in font cmr12!
Missing character: There is no ô in font cmr12!
[14



] <figures/Secure_Dropbox_Architecture.png, id=93, 236.52pt x 141.255pt>
File: figures/Secure_Dropbox_Architecture.png Graphic file (type png)

<use figures/Secure_Dropbox_Architecture.png>
Package pdftex.def Info: figures/Secure_Dropbox_Architecture.png used on input 
line 7.
(pdftex.def)             Requested size: 273.14923pt x 163.14249pt.
Missing character: There is no ‚ in font cmr12!
Missing character: There is no Ä in font cmr12!
Missing character: There is no ô in font cmr12!
Missing character: There is no ‚ in font cmr12!
Missing character: There is no Ä in font cmr12!
Missing character: There is no ô in font cmr12!
Missing character: There is no ‚ in font cmr12!
Missing character: There is no Ä in font cmr12!
Missing character: There is no ô in font cmr12!
Missing character: There is no ‚ in font cmr12!
Missing character: There is no Ä in font cmr12!
Missing character: There is no ô in font cmr12!
Missing character: There is no ‚ in font cmr12!
Missing character: There is no Ä in font cmr12!
Missing character: There is no ô in font cmr12!
Missing character: There is no ‚ in font cmr12!
Missing character: There is no Ä in font cmr12!
Missing character: There is no ô in font cmr12!
 [15 <C:/Users/jjMM/Dropbox/Secure Dropbox Latex/figures/Secure_Dropbox_Archite
cture.png>]
<figures/Encrypted_File_Storage_&_Reading.png, id=97, 770.88pt x 275.52937pt>
File: figures/Encrypted_File_Storage_&_Reading.png Graphic file (type png)

<use figures/Encrypted_File_Storage_&_Reading.png>
Package pdftex.def Info: figures/Encrypted_File_Storage_&_Reading.png used on i
nput line 21.
(pdftex.def)             Requested size: 455.24411pt x 162.71227pt.


LaTeX Warning: `h' float specifier changed to `ht'.

Missing character: There is no ‚ in font cmr12!
Missing character: There is no Ä in font cmr12!
Missing character: There is no ô in font cmr12!
Missing character: There is no ‚ in font cmr12!
Missing character: There is no Ä in font cmr12!
Missing character: There is no ô in font cmr12!
[16] <figures/Encrypted_File_Sharing.png, id=101, 628.59843pt x 296.60812pt>
File: figures/Encrypted_File_Sharing.png Graphic file (type png)

<use figures/Encrypted_File_Sharing.png>
Package pdftex.def Info: figures/Encrypted_File_Sharing.png used on input line 
31.
(pdftex.def)             Requested size: 455.24411pt x 214.80682pt.


LaTeX Warning: `h' float specifier changed to `ht'.

Missing character: There is no ‚ in font cmr12!
Missing character: There is no Ä in font cmr12!
Missing character: There is no ô in font cmr12!
[17 <C:/Users/jjMM/Dropbox/Secure Dropbox Latex/figures/Encrypted_File_Storage_
&_Reading.png>]
Missing character: There is no ‚ in font cmr12!
Missing character: There is no Ä in font cmr12!
Missing character: There is no ô in font cmr12!
Missing character: There is no ‚ in font cmr12!
Missing character: There is no Ä in font cmr12!
Missing character: There is no ô in font cmr12!
Missing character: There is no ‚ in font cmr12!
Missing character: There is no Ä in font cmr12!
Missing character: There is no ô in font cmr12!
 [18 <C:/Users/jjMM/Dropbox/Secure Dropbox Latex/figures/Encrypted_File_Sharing
.png>]
<figures/KMS_Architecture.png, id=111, 496.85625pt x 373.395pt>
File: figures/KMS_Architecture.png Graphic file (type png)

<use figures/KMS_Architecture.png>
Package pdftex.def Info: figures/KMS_Architecture.png used on input line 48.
(pdftex.def)             Requested size: 273.14923pt x 205.27672pt.
Missing character: There is no ‚ in font cmr12!
Missing character: There is no Ä in font cmr12!
Missing character: There is no ô in font cmr12!
Missing character: There is no ‚ in font cmr12!
Missing character: There is no Ä in font cmr12!
Missing character: There is no ô in font cmr12!
 [19 <C:/Users/jjMM/Dropbox/Secure Dropbox Latex/figures/KMS_Architecture.png>]
Missing character: There is no ‚ in font cmr12!
Missing character: There is no Ä in font cmr12!
Missing character: There is no ô in font cmr12!
Missing character: There is no ‚ in font cmr12!
Missing character: There is no Ä in font cmr12!
Missing character: There is no ô in font cmr12!
Missing character: There is no ‚ in font cmr12!
Missing character: There is no Ä in font cmr12!
Missing character: There is no ô in font cmr12!
Missing character: There is no ‚ in font cmr12!
Missing character: There is no Ä in font cmr12!
Missing character: There is no ô in font cmr12!
 [20]
Missing character: There is no ‚ in font cmr12!
Missing character: There is no Ä in font cmr12!
Missing character: There is no ô in font cmr12!
 [21]
Missing character: There is no ‚ in font cmr12!
Missing character: There is no Ä in font cmr12!
Missing character: There is no ô in font cmr12!
 [22]
<figures/Strength_Equivalence.png, id=125, 374.90062pt x 137.7647pt>
File: figures/Strength_Equivalence.png Graphic file (type png)

<use figures/Strength_Equivalence.png>
Package pdftex.def Info: figures/Strength_Equivalence.png used on input line 96
.
(pdftex.def)             Requested size: 318.66948pt x 117.10893pt.
 [23 <C:/Users/jjMM/Dropbox/Secure Dropbox Latex/figures/Strength_Equivalence.p
ng>]
Missing character: There is no ‚ in font cmr12!
Missing character: There is no Ä in font cmr12!
Missing character: There is no ô in font cmr12!
Missing character: There is no ‚ in font cmr12!
Missing character: There is no Ä in font cmr12!
Missing character: There is no ô in font cmr12!
Missing character: There is no ‚ in font cmr12!
Missing character: There is no Ä in font cmr12!
Missing character: There is no ô in font cmr12!
Missing character: There is no ‚ in font cmr12!
Missing character: There is no Ä in font cmr12!
Missing character: There is no ô in font cmr12!

<figures/Hash_Table.png, id=129, 395.22656pt x 101.62968pt>
File: figures/Hash_Table.png Graphic file (type png)

<use figures/Hash_Table.png>
Package pdftex.def Info: figures/Hash_Table.png used on input line 110.
(pdftex.def)             Requested size: 364.19667pt x 93.65085pt.
Missing character: There is no ‚ in font cmr12!
Missing character: There is no Ä in font cmr12!
Missing character: There is no ô in font cmr12!
 [24 <C:/Users/jjMM/Dropbox/Secure Dropbox Latex/figures/Hash_Table.png>]
<figures/Hash_Table_with_Salt_Iteration_and_Algorithm_Indicated.png, id=134, 43
2.86719pt x 63.23625pt>
File: figures/Hash_Table_with_Salt_Iteration_and_Algorithm_Indicated.png Graphi
c file (type png)

<use figures/Hash_Table_with_Salt_Iteration_and_Algorithm_Indicated.png>
Package pdftex.def Info: figures/Hash_Table_with_Salt_Iteration_and_Algorithm_I
ndicated.png used on input line 120.
(pdftex.def)             Requested size: 409.71692pt x 59.85698pt.
Missing character: There is no ‚ in font cmr12!
Missing character: There is no Ä in font cmr12!
Missing character: There is no ô in font cmr12!
Missing character: There is no Ô in font cmr12!
Missing character: There is no Ç in font cmr12!
Missing character: There is no ß in font cmr12!
Missing character: There is no Ô in font cmr12!
Missing character: There is no Ç in font cmr12!
Missing character: There is no ß in font cmr12!

[25 <C:/Users/jjMM/Dropbox/Secure Dropbox Latex/figures/Hash_Table_with_Salt_It
eration_and_Algorithm_Indicated.png>]
<figures/Key_Dropbox_Core_APIs_Functionality_Description.png, id=138, 469.755pt
 x 246.9225pt>
File: figures/Key_Dropbox_Core_APIs_Functionality_Description.png Graphic file 
(type png)

<use figures/Key_Dropbox_Core_APIs_Functionality_Description.png>
Package pdftex.def Info: figures/Key_Dropbox_Core_APIs_Functionality_Descriptio
n.png used on input line 145.
(pdftex.def)             Requested size: 409.71692pt x 215.36337pt.


LaTeX Warning: `h' float specifier changed to `ht'.

Missing character: There is no ‚ in font cmr12!
Missing character: There is no Ä in font cmr12!
Missing character: There is no ì in font cmr12!
[26]
Missing character: There is no ‚ in font cmr12!
Missing character: There is no Ä in font cmr12!
Missing character: There is no ô in font cmr12!
Missing character: There is no ‚ in font cmr12!
Missing character: There is no Ä in font cmr12!
Missing character: There is no ô in font cmr12!
 [27 <C:/Users/jjMM/Dropbox/Secure Dropbox Latex/figures/Key_Dropbox_Core_APIs_
Functionality_Description.png>]
Missing character: There is no ‚ in font cmr12!
Missing character: There is no Ä in font cmr12!
Missing character: There is no ô in font cmr12!
Missing character: There is no ‚ in font cmr12!
Missing character: There is no Ä in font cmr12!
Missing character: There is no ô in font cmr12!

<figures/Cryptography_Application_Scenarios_in_Secure_Dropbox.png, id=145, 654.
19406pt x 166.37157pt>
File: figures/Cryptography_Application_Scenarios_in_Secure_Dropbox.png Graphic 
file (type png)

<use figures/Cryptography_Application_Scenarios_in_Secure_Dropbox.png>
Package pdftex.def Info: figures/Cryptography_Application_Scenarios_in_Secure_D
ropbox.png used on input line 159.
(pdftex.def)             Requested size: 409.71692pt x 104.19774pt.
 [28])
[29 <C:/Users/jjMM/Dropbox/Secure Dropbox Latex/figures/Cryptography_Applicatio
n_Scenarios_in_Secure_Dropbox.png>]
("C:\Users\jjMM\Dropbox\Secure Dropbox Latex\chapter4.tex"
Chapter 4.
Missing character: There is no ‚ in font cmr12!
Missing character: There is no Ä in font cmr12!
Missing character: There is no ô in font cmr12!
Missing character: There is no ‚ in font cmr12!
Missing character: There is no Ä in font cmr12!
Missing character: There is no ô in font cmr12!
[30



]
<figures/Representation_of_Path_in_Different_Operation_System.png, id=156, 483.
30562pt x 60.97781pt>
File: figures/Representation_of_Path_in_Different_Operation_System.png Graphic 
file (type png)

<use figures/Representation_of_Path_in_Different_Operation_System.png>
Package pdftex.def Info: figures/Representation_of_Path_in_Different_Operation_
System.png used on input line 14.
(pdftex.def)             Requested size: 318.66948pt x 40.20732pt.


LaTeX Warning: `h' float specifier changed to `ht'.

[31]
<figures/Platform_Independent_Coding.png, id=160, 546.54187pt x 65.49469pt>
File: figures/Platform_Independent_Coding.png Graphic file (type png)

<use figures/Platform_Independent_Coding.png>
Package pdftex.def Info: figures/Platform_Independent_Coding.png used on input 
line 22.
(pdftex.def)             Requested size: 364.19667pt x 43.64334pt.
Missing character: There is no ‚ in font cmr12!
Missing character: There is no Ä in font cmr12!
Missing character: There is no ô in font cmr12!
 [32 <C:/Users/jjMM/Dropbox/Secure Dropbox Latex/figures/Representation_of_Path
_in_Different_Operation_System.png> <C:/Users/jjMM/Dropbox/Secure Dropbox Latex
/figures/Platform_Independent_Coding.png>]
<figures/Amazon_EC2_Server_Monitoring.png, id=164, 800.23969pt x 316.93407pt>
File: figures/Amazon_EC2_Server_Monitoring.png Graphic file (type png)

<use figures/Amazon_EC2_Server_Monitoring.png>
Package pdftex.def Info: figures/Amazon_EC2_Server_Monitoring.png used on input
 line 39.
(pdftex.def)             Requested size: 455.24411pt x 180.30125pt.
 [33 <C:/Users/jjMM/Dropbox/Secure Dropbox Latex/figures/Amazon_EC2_Server_Moni
toring.png>]
<figures/Amazon_EC2_Security_Group_Customization.png, id=168, 1090.0725pt x 274
.02374pt>
File: figures/Amazon_EC2_Security_Group_Customization.png Graphic file (type pn
g)
 <use figures/Amazon_EC2_Security_Group_Customization.png>
Package pdftex.def Info: figures/Amazon_EC2_Security_Group_Customization.png us
ed on input line 47.
(pdftex.def)             Requested size: 455.24411pt x 114.4369pt.

<figures/Amazon_EC2_Instance_SSH_Procedure.png, id=169, 692.5875pt x 475.7775pt
>
File: figures/Amazon_EC2_Instance_SSH_Procedure.png Graphic file (type png)
 <use figures/Amazon_EC2_Instance_SSH_Procedure.png>
Package pdftex.def Info: figures/Amazon_EC2_Instance_SSH_Procedure.png used on 
input line 55.
(pdftex.def)             Requested size: 455.24411pt x 312.73639pt.


LaTeX Warning: `h' float specifier changed to `ht'.

[34 <C:/Users/jjMM/Dropbox/Secure Dropbox Latex/figures/Amazon_EC2_Security_Gro
up_Customization.png>] [35 <C:/Users/jjMM/Dropbox/Secure Dropbox Latex/figures/
Amazon_EC2_Instance_SSH_Procedure.png>]
<figures/Restful_WebService_Programming_with_Bottle.png, id=176, 350.30875pt x 
159.59625pt>
File: figures/Restful_WebService_Programming_with_Bottle.png Graphic file (type
 png)
 <use figures/Restful_WebService_Programming_with_Bottle.png>
Package pdftex.def Info: figures/Restful_WebService_Programming_with_Bottle.png
 used on input line 69.
(pdftex.def)             Requested size: 273.14923pt x 124.45045pt.

[36 <C:/Users/jjMM/Dropbox/Secure Dropbox Latex/figures/Restful_WebService_Prog
ramming_with_Bottle.png>]
<figures/HTTP_POST_Request_Generation.png, id=181, 373.395pt x 146.5475pt>
File: figures/HTTP_POST_Request_Generation.png Graphic file (type png)

<use figures/HTTP_POST_Request_Generation.png>
Package pdftex.def Info: figures/HTTP_POST_Request_Generation.png used on input
 line 90.
(pdftex.def)             Requested size: 273.14923pt x 107.20909pt.
Missing character: There is no ‚ in font cmr12!
Missing character: There is no Ä in font cmr12!
Missing character: There is no ô in font cmr12!
 [37 <C:/Users/jjMM/Dropbox/Secure Dropbox Latex/figures/HTTP_POST_Request_Gene
ration.png>]
<figures/KMS_Interfaces.png, id=185, 437.38406pt x 280.79906pt>
File: figures/KMS_Interfaces.png Graphic file (type png)

<use figures/KMS_Interfaces.png>
Package pdftex.def Info: figures/KMS_Interfaces.png used on input line 111.
(pdftex.def)             Requested size: 318.66948pt x 204.58742pt.
Missing character: There is no ‚ in font cmr12!
Missing character: There is no Ä in font cmr12!
Missing character: There is no ô in font cmr12!
Missing character: There is no ‚ in font cmr12!
Missing character: There is no Ä in font cmr12!
Missing character: There is no ô in font cmr12!
Missing character: There is no ‚ in font cmr12!
Missing character: There is no Ä in font cmr12!
Missing character: There is no ô in font cmr12!
Missing character: There is no ‚ in font cmr12!
Missing character: There is no Ä in font cmr12!
Missing character: There is no ô in font cmr12!
Missing character: There is no ‚ in font cmr12!
Missing character: There is no Ä in font cmr12!
Missing character: There is no ú in font cmr12!
Missing character: There is no ‚ in font cmr12!
Missing character: There is no Ä in font cmr12!
Missing character: There is no ù in font cmr12!
Missing character: There is no ‚ in font cmr12!
Missing character: There is no Ä in font cmr12!
Missing character: There is no ô in font cmr12!
Missing character: There is no ‚ in font cmr12!
Missing character: There is no Ä in font cmr12!
Missing character: There is no ô in font cmr12!
Missing character: There is no ‚ in font cmr12!
Missing character: There is no Ä in font cmr12!
Missing character: There is no ô in font cmr12!
 [38 <C:/Users/jjMM/Dropbox/Secure Dropbox Latex/figures/KMS_Interfaces.png>]
<figures/Database_Design.png, id=189, 398.23781pt x 214.55156pt>
File: figures/Database_Design.png Graphic file (type png)

<use figures/Database_Design.png>
Package pdftex.def Info: figures/Database_Design.png used on input line 121.
(pdftex.def)             Requested size: 364.19667pt x 196.2178pt.

<figures/Hashed_Passwords_in_Database.png, id=190, 629.35126pt x 63.23625pt>
File: figures/Hashed_Passwords_in_Database.png Graphic file (type png)

<use figures/Hashed_Passwords_in_Database.png>
Package pdftex.def Info: figures/Hashed_Passwords_in_Database.png used on input
 line 133.
(pdftex.def)             Requested size: 409.71692pt x 41.16771pt.


LaTeX Warning: `h' float specifier changed to `ht'.

Missing character: There is no ‚ in font cmr12!
Missing character: There is no Ä in font cmr12!
Missing character: There is no ô in font cmr12!
[39 <C:/Users/jjMM/Dropbox/Secure Dropbox Latex/figures/Database_Design.png>]
[40 <C:/Users/jjMM/Dropbox/Secure Dropbox Latex/figures/Hashed_Passwords_in_Dat
abase.png>]
Missing character: There is no ‚ in font cmr12!
Missing character: There is no Ä in font cmr12!
Missing character: There is no ô in font cmr12!
Missing character: There is no ‚ in font cmr12!
Missing character: There is no Ä in font cmr12!
Missing character: There is no ú in font cmr12!
Missing character: There is no ‚ in font cmr12!
Missing character: There is no Ä in font cmr12!
Missing character: There is no ù in font cmr12!

<figures/Sharing_Notification.png, id=197, 431.6125pt x 123.46124pt>
File: figures/Sharing_Notification.png Graphic file (type png)

<use figures/Sharing_Notification.png>
Package pdftex.def Info: figures/Sharing_Notification.png used on input line 15
9.
(pdftex.def)             Requested size: 318.66948pt x 91.15642pt.

<figures/Sharing_Notification_Implementation.png, id=198, 569.12625pt x 108.405
pt>
File: figures/Sharing_Notification_Implementation.png Graphic file (type png)
 <use figures/Sharing_Notification_Implementation.png>
Package pdftex.def Info: figures/Sharing_Notification_Implementation.png used o
n input line 167.
(pdftex.def)             Requested size: 409.71692pt x 78.0449pt.
 [41 <C:/Users/jjMM/Dropbox/Secure Dropbox Latex/figures/Sharing_Notification.p
ng> <C:/Users/jjMM/Dropbox/Secure Dropbox Latex/figures/Sharing_Notification_Im
plementation.png>]
<figures/Secure_Dropbox_Client_Architecture.png, id=202, 485.56406pt x 325.215p
t>
File: figures/Secure_Dropbox_Client_Architecture.png Graphic file (type png)
 <use figures/Secure_Dropbox_Client_Architecture.png>
Package pdftex.def Info: figures/Secure_Dropbox_Client_Architecture.png used on
 input line 192.
(pdftex.def)             Requested size: 227.62206pt x 152.44911pt.


LaTeX Warning: `h' float specifier changed to `ht'.

[42]
Missing character: There is no ‚ in font cmr12!
Missing character: There is no Ä in font cmr12!
Missing character: There is no ô in font cmr12!

<figures/Secure_Dropbox_Running_Environment_Detection.png, id=207, 227.6505pt x
 317.988pt>
File: figures/Secure_Dropbox_Running_Environment_Detection.png Graphic file (ty
pe png)
 <use figures/Secure_Dropbox_Running_Environment_Detection.png>
Package pdftex.def Info: figures/Secure_Dropbox_Running_Environment_Detection.p
ng used on input line 204.
(pdftex.def)             Requested size: 273.14923pt x 381.57883pt.


LaTeX Warning: `h' float specifier changed to `ht'.

[43 <C:/Users/jjMM/Dropbox/Secure Dropbox Latex/figures/Secure_Dropbox_Client_A
rchitecture.png>]
<figures/Supported_Commands_by_Secure_Dropbox.png, id=211, 747.79375pt x 152.57
pt>
File: figures/Supported_Commands_by_Secure_Dropbox.png Graphic file (type png)
 <use figures/Supported_Commands_by_Secure_Dropbox.png>
Package pdftex.def Info: figures/Supported_Commands_by_Secure_Dropbox.png used 
on input line 214.
(pdftex.def)             Requested size: 455.24411pt x 92.88132pt.


LaTeX Warning: `h' float specifier changed to `ht'.

Missing character: There is no ‚ in font cmr12!
Missing character: There is no Ä in font cmr12!
Missing character: There is no ô in font cmr12!
[44 <C:/Users/jjMM/Dropbox/Secure Dropbox Latex/figures/Secure_Dropbox_Running_
Environment_Detection.png>]
<figures/Command_Print_Information.png, id=215, 797.98125pt x 176.66pt>
File: figures/Command_Print_Information.png Graphic file (type png)

<use figures/Command_Print_Information.png>
Package pdftex.def Info: figures/Command_Print_Information.png used on input li
ne 222.
(pdftex.def)             Requested size: 455.24411pt x 100.7835pt.

<figures/read_Command_Print_Information.png, id=216, 796.9775pt x 326.21875pt>
File: figures/read_Command_Print_Information.png Graphic file (type png)

<use figures/read_Command_Print_Information.png>
Package pdftex.def Info: figures/read_Command_Print_Information.png used on inp
ut line 228.
(pdftex.def)             Requested size: 455.24411pt x 186.33984pt.


LaTeX Warning: `h' float specifier changed to `ht'.

Missing character: There is no ‚ in font cmr12!
Missing character: There is no Ä in font cmr12!
Missing character: There is no ú in font cmr12!
Missing character: There is no ‚ in font cmr12!
Missing character: There is no Ä in font cmr12!
Missing character: There is no ù in font cmr12!
Missing character: There is no ‚ in font cmr12!
Missing character: There is no Ä in font cmr12!
Missing character: There is no ô in font cmr12!
[45 <C:/Users/jjMM/Dropbox/Secure Dropbox Latex/figures/Supported_Commands_by_S
ecure_Dropbox.png> <C:/Users/jjMM/Dropbox/Secure Dropbox Latex/figures/Command_
Print_Information.png>]
<figures/File_Dialog_Implementation.png, id=220, 552.0625pt x 60.225pt>
File: figures/File_Dialog_Implementation.png Graphic file (type png)

<use figures/File_Dialog_Implementation.png>
Package pdftex.def Info: figures/File_Dialog_Implementation.png used on input l
ine 236.
(pdftex.def)             Requested size: 364.19667pt x 39.73207pt.
Missing character: There is no ‚ in font cmr12!
Missing character: There is no Ä in font cmr12!
Missing character: There is no ô in font cmr12!

<figures/Application_Settings_of_Secure_Dropbox.png, id=221, 340.27126pt x 171.
64125pt>
File: figures/Application_Settings_of_Secure_Dropbox.png Graphic file (type png
)
 <use figures/Application_Settings_of_Secure_Dropbox.png>
Package pdftex.def Info: figures/Application_Settings_of_Secure_Dropbox.png use
d on input line 245.
(pdftex.def)             Requested size: 273.14923pt x 137.78983pt.


LaTeX Warning: `h' float specifier changed to `ht'.

Missing character: There is no ‚ in font cmr12!
Missing character: There is no Ä in font cmr12!
Missing character: There is no ô in font cmr12!
Missing character: There is no ‚ in font cmr12!
Missing character: There is no Ä in font cmr12!
Missing character: There is no ô in font cmr12!
[46 <C:/Users/jjMM/Dropbox/Secure Dropbox Latex/figures/read_Command_Print_Info
rmation.png> <C:/Users/jjMM/Dropbox/Secure Dropbox Latex/figures/File_Dialog_Im
plementation.png>]
<figures/Dropbox_OAuth_Service.png, id=225, 629.35126pt x 562.1pt>
File: figures/Dropbox_OAuth_Service.png Graphic file (type png)

<use figures/Dropbox_OAuth_Service.png>
Package pdftex.def Info: figures/Dropbox_OAuth_Service.png used on input line 2
53.
(pdftex.def)             Requested size: 318.66948pt x 284.61732pt.


LaTeX Warning: `!h' float specifier changed to `!ht'.


<figures/Return_Value_of_Dropbox_Sharing_API.png, id=226, 799.98875pt x 184.69p
t>
File: figures/Return_Value_of_Dropbox_Sharing_API.png Graphic file (type png)
 <use figures/Return_Value_of_Dropbox_Sharing_API.png>
Package pdftex.def Info: figures/Return_Value_of_Dropbox_Sharing_API.png used o
n input line 261.
(pdftex.def)             Requested size: 409.71692pt x 94.59082pt.


LaTeX Warning: `!h' float specifier changed to `!ht'.

[47 <C:/Users/jjMM/Dropbox/Secure Dropbox Latex/figures/Application_Settings_of
_Secure_Dropbox.png>] [48 <C:/Users/jjMM/Dropbox/Secure Dropbox Latex/figures/D
ropbox_OAuth_Service.png> <C:/Users/jjMM/Dropbox/Secure Dropbox Latex/figures/R
eturn_Value_of_Dropbox_Sharing_API.png>]
<figures/AES_Key_Generation.png, id=234, 811.03pt x 45.16875pt>
File: figures/AES_Key_Generation.png Graphic file (type png)

<use figures/AES_Key_Generation.png>
Package pdftex.def Info: figures/AES_Key_Generation.png used on input line 273.

(pdftex.def)             Requested size: 455.24411pt x 25.35428pt.

<figures/KMS_Data_Package_Generation.png, id=235, 416.55624pt x 130.4875pt>
File: figures/KMS_Data_Package_Generation.png Graphic file (type png)

<use figures/KMS_Data_Package_Generation.png>
Package pdftex.def Info: figures/KMS_Data_Package_Generation.png used on input 
line 282.
(pdftex.def)             Requested size: 273.14923pt x 85.56848pt.
Missing character: There is no ‚ in font cmr12!
Missing character: There is no Ä in font cmr12!
Missing character: There is no ô in font cmr12!
 [49 <C:/Users/jjMM/Dropbox/Secure Dropbox Latex/figures/AES_Key_Generation.png
> <C:/Users/jjMM/Dropbox/Secure Dropbox Latex/figures/KMS_Data_Package_Generati
on.png>] [50]
<figures/User_Instance_Stored_in_Ini_File.png, id=242, 346.29375pt x 186.6975pt
>
File: figures/User_Instance_Stored_in_Ini_File.png Graphic file (type png)
 <use figures/User_Instance_Stored_in_Ini_File.png>
Package pdftex.def Info: figures/User_Instance_Stored_in_Ini_File.png used on i
nput line 309.
(pdftex.def)             Requested size: 227.62206pt x 122.71933pt.
Missing character: There is no ‚ in font cmr12!
Missing character: There is no Ä in font cmr12!
Missing character: There is no ô in font cmr12!
 [51 <C:/Users/jjMM/Dropbox/Secure Dropbox Latex/figures/User_Instance_Stored_i
n_Ini_File.png>]
<figures/RSA_Key_Pair_Generation.png, id=246, 359.3425pt x 38.1425pt>
File: figures/RSA_Key_Pair_Generation.png Graphic file (type png)

<use figures/RSA_Key_Pair_Generation.png>
Package pdftex.def Info: figures/RSA_Key_Pair_Generation.png used on input line
 319.
(pdftex.def)             Requested size: 273.14923pt x 28.99557pt.
Missing character: There is no ‚ in font cmr12!
Missing character: There is no Ä in font cmr12!
Missing character: There is no ô in font cmr12!

<figures/Replacements_of_Newline_Characters.png, id=247, 652.4375pt x 28.105pt>
File: figures/Replacements_of_Newline_Characters.png Graphic file (type png)
<use figures/Replacements_of_Newline_Characters.png>
Package pdftex.def Info: figures/Replacements_of_Newline_Characters.png used on
 input line 327.
(pdftex.def)             Requested size: 455.24411pt x 19.61116pt.
) [52 <C:/Users/jjMM/Dropbox/Secure Dropbox Latex/figures/RSA_Key_Pair_Generati
on.png> <C:/Users/jjMM/Dropbox/Secure Dropbox Latex/figures/Replacements_of_New
line_Characters.png>]
("C:\Users\jjMM\Dropbox\Secure Dropbox Latex\chapter5.tex"
Chapter 5.
Missing character: There is no ‚ in font cmr12!
Missing character: There is no Ä in font cmr12!
Missing character: There is no ô in font cmr12!
[53



] <figures/Testing_Environment.png, id=254, 463.7325pt x 160.6pt>
File: figures/Testing_Environment.png Graphic file (type png)

<use figures/Testing_Environment.png>
Package pdftex.def Info: figures/Testing_Environment.png used on input line 18.

(pdftex.def)             Requested size: 318.66948pt x 110.3632pt.

<figures/Secure_Dropbox_Cryptography_Performances.png, id=255, 967.615pt x 474.
77374pt>
File: figures/Secure_Dropbox_Cryptography_Performances.png Graphic file (type p
ng)
 <use figures/Secure_Dropbox_Cryptography_Performances.png>
Package pdftex.def Info: figures/Secure_Dropbox_Cryptography_Performances.png u
sed on input line 26.
(pdftex.def)             Requested size: 318.66948pt x 156.35706pt.


LaTeX Warning: `h' float specifier changed to `ht'.

[54 <C:/Users/jjMM/Dropbox/Secure Dropbox Latex/figures/Testing_Environment.png
>]
Missing character: There is no ‚ in font cmr12!
Missing character: There is no Ä in font cmr12!
Missing character: There is no ô in font cmr12!
 [55 <C:/Users/jjMM/Dropbox/Secure Dropbox Latex/figures/Secure_Dropbox_Cryptog
raphy_Performances.png>]
Missing character: There is no ‚ in font cmr12!
Missing character: There is no Ä in font cmr12!
Missing character: There is no ô in font cmr12!
Missing character: There is no ‚ in font cmr12!
Missing character: There is no Ä in font cmr12!
Missing character: There is no ô in font cmr12!
 [56]
Missing character: There is no ‚ in font cmr12!
Missing character: There is no Ä in font cmr12!
Missing character: There is no ú in font cmr12!
Missing character: There is no ‚ in font cmr12!
Missing character: There is no Ä in font cmr12!
Missing character: There is no ù in font cmr12!
 [57] [58]) [59]
("C:\Users\jjMM\Dropbox\Secure Dropbox Latex\chapter6.tex"
Chapter 6.
Missing character: There is no ‚ in font cmr12!
Missing character: There is no Ä in font cmr12!
Missing character: There is no ô in font cmr12!
[60



] [61] [62] [63]) [64]
("C:\Users\jjMM\Dropbox\Secure Dropbox Latex\appendix1.tex"
Appendix A.

Overfull \hbox (7.52219pt too wide) in paragraph at lines 8--9
[]\OT1/cmr/m/n/12 https://www.dropbox.com/developers/core/sdks/python| 
 []

) [65



] ("C:\Users\jjMM\Dropbox\Secure Dropbox Latex\appendix2.tex"
Appendix B.
Missing character: There is no ‚ in font cmr12!
Missing character: There is no Ä in font cmr12!
Missing character: There is no ô in font cmr12!
[66



]) [67] ("C:\Users\jjMM\Dropbox\Secure Dropbox Latex\appendix3.tex"
Appendix C.

Overfull \hbox (6.41231pt too wide) in paragraph at lines 26--27
[]\OT1/cmr/m/n/12 I ex-pe-ri-enced se-cu-rity prob-lems in Drop-box or any othe
r cloud stor-age ser-vice.Yes/No: 
 []

) [68



] [69] ("C:\Users\jjMM\Dropbox\Secure Dropbox Latex\thesis.bbl"
Missing character: There is no ‚ in font cmti12!
Missing character: There is no Ä in font cmti12!
Missing character: There is no ô in font cmti12!
 [70


]
Missing character: There is no ¬ in font cmr12!
Missing character: There is no £ in font cmr12!

[71]
Missing character: There is no ‚ in font cmti12!
Missing character: There is no Ä in font cmti12!
Missing character: There is no ô in font cmti12!
Missing character: There is no ‚ in font cmti12!
Missing character: There is no Ä in font cmti12!
Missing character: There is no ì in font cmti12!
 [72]) [73] ("C:\Users\jjMM\Dropbox\Secure Dropbox Latex\thesis.aux"
("C:\Users\jjMM\Dropbox\Secure Dropbox Latex\chapter1.aux")
("C:\Users\jjMM\Dropbox\Secure Dropbox Latex\chapter2.aux")
("C:\Users\jjMM\Dropbox\Secure Dropbox Latex\chapter3.aux")
("C:\Users\jjMM\Dropbox\Secure Dropbox Latex\chapter4.aux")
("C:\Users\jjMM\Dropbox\Secure Dropbox Latex\chapter5.aux")
("C:\Users\jjMM\Dropbox\Secure Dropbox Latex\chapter6.aux")
("C:\Users\jjMM\Dropbox\Secure Dropbox Latex\appendix1.aux")
("C:\Users\jjMM\Dropbox\Secure Dropbox Latex\appendix2.aux")
("C:\Users\jjMM\Dropbox\Secure Dropbox Latex\appendix3.aux")) ) 
Here is how much of TeX's memory you used:
 2433 strings out of 493921
 40054 string characters out of 3144879
 90172 words of memory out of 3000000
 5613 multiletter control sequences out of 15000+200000
 10782 words of font info for 38 fonts, out of 3000000 for 9000
 841 hyphenation exceptions out of 8191
 27i,8n,22p,3326b,234s stack positions out of 5000i,500n,10000p,200000b,50000s
<E:/Program File
s (x86)/MiKTeX 2.9/fonts/type1/public/amsfonts/cm/cmbx12.pfb><E:/Program Files 
(x86)/MiKTeX 2.9/fonts/type1/public/amsfonts/cm/cmcsc10.pfb><E:/Program Files (
x86)/MiKTeX 2.9/fonts/type1/public/amsfonts/cm/cmmi12.pfb><E:/Program Files (x8
6)/MiKTeX 2.9/fonts/type1/public/amsfonts/cm/cmmi8.pfb><E:/Program Files (x86)/
MiKTeX 2.9/fonts/type1/public/amsfonts/cm/cmr12.pfb><E:/Program Files (x86)/MiK
TeX 2.9/fonts/type1/public/amsfonts/cm/cmr8.pfb><E:/Program Files (x86)/MiKTeX 
2.9/fonts/type1/public/amsfonts/cm/cmsl12.pfb><E:/Program Files (x86)/MiKTeX 2.
9/fonts/type1/public/amsfonts/cm/cmsy10.pfb><E:/Program Files (x86)/MiKTeX 2.9/
fonts/type1/public/amsfonts/cm/cmti12.pfb>
Output written on thesis.pdf (86 pages, 713956 bytes).
PDF statistics:
 353 PDF objects out of 1000 (max. 8388607)
 0 named destinations out of 1000 (max. 500000)
 191 words of extra memory for PDF output out of 10000 (max. 10000000)

